<?xml version="1.0" encoding="UTF-8"?>
<testng-results ignored="0" total="1" passed="1" failed="0" skipped="0">
  <reporter-output>
  </reporter-output>
  <suite started-at="2022-11-02T17:43:57 IST" name="Default suite" finished-at="2022-11-02T17:45:02 IST" duration-ms="64613">
    <groups>
    </groups>
    <test started-at="2022-11-02T17:43:57 IST" name="Default test" finished-at="2022-11-02T17:45:02 IST" duration-ms="64613">
      <class name="ShubhamDeshmukh.AppiumProject.ValidateButtonOnLogin">
        <test-method signature="start()[pri:0, instance:ShubhamDeshmukh.AppiumProject.ValidateButtonOnLogin@505fc5a4]" started-at="2022-11-02T17:43:57 IST" name="start" finished-at="2022-11-02T17:45:02 IST" duration-ms="64548" status="PASS">
          <reporter-output>
          </reporter-output>
        </test-method> <!-- start -->
      </class> <!-- ShubhamDeshmukh.AppiumProject.ValidateButtonOnLogin -->
    </test> <!-- Default test -->
  </suite> <!-- Default suite -->
</testng-results>
